<?xml version="1.0" encoding="UTF-8"?>
<testsuite xmlns:xsi="http://www.w3.org/2001/XMLSchema-instance" xsi:noNamespaceSchemaLocation="https://maven.apache.org/surefire/maven-surefire-plugin/xsd/surefire-test-report-3.0.xsd" version="3.0" name="test.StandardTests" time="0.04" tests="7" errors="1" skipped="2" failures="2">
  <properties>
[...]
</properties>
  <testcase name="succeedingTest" classname="test.StandardTests" time="0.005"/>
  <testcase name="skippedTest" classname="test.StandardTests" time="0">
    <skipped message="for demonstration purposes"/>
  </testcase>
  <testcase name="abortedTest" classname="test.StandardTests" time="0">
    <skipped type="org.opentest4j.TestAbortedException"><![CDATA[org.opentest4j.TestAbortedException: Assumption failed: assumption is not true
	at test.StandardTests.abortedTest(StandardTests.java:116)
]]></skipped>
  </testcase>
  <testcase name="failingTest1" classname="test.StandardTests" time="0.002">
    <failure type="org.opentest4j.AssertionFailedError"><![CDATA[org.opentest4j.AssertionFailedError: expected: <3> but was: <2>
	at test.StandardTests.failingTest1(StandardTests.java:53)
]]></failure>
  </testcase>
  <testcase name="failingTest2" classname="test.StandardTests" time="0.001">
    <failure type="org.opentest4j.AssertionFailedError"><![CDATA[org.opentest4j.AssertionFailedError: a failing test
	at test.StandardTests.failingTest2(StandardTests.java:62)
]]></failure>
  </testcase>
  <testcase name="throwExceptionTest2" classname="test.StandardTests" time="0.002"/>
  <testcase name="errorTest1" classname="test.StandardTests" time="0.001">
    <error type="java.lang.ArithmeticException"><![CDATA[java.lang.ArithmeticException: / by zero
	at test.StandardTests.errorTest1(StandardTests.java:71)
]]></error>
  </testcase>
</testsuite>